<?xml version="1.0" encoding="UTF-8"?>
<testsuites tests="1" failures="1" disabled="0" errors="0" time="0." timestamp="2026-04-16T09:21:24.106" name="AllTests">
  <testsuite name="ParserTest" tests="1" failures="1" disabled="0" skipped="0" errors="0" time="0." timestamp="2026-04-16T09:21:24.106">
    <testcase name="TemplateSpecializationWithBuiltinType" file="/Users/yuan/Projects/BlockType/tests/unit/Parse/ParserTest.cpp" line="418" status="run" result="completed" time="0." timestamp="2026-04-16T09:21:24.106" classname="ParserTest">
      <failure message="/Users/yuan/Projects/BlockType/tests/unit/Parse/ParserTest.cpp:423&#x0A;Value of: llvm::isa&lt;TemplateSpecializationExpr&gt;(E)&#x0A;  Actual: false&#x0A;Expected: true&#x0A;" type=""><![CDATA[/Users/yuan/Projects/BlockType/tests/unit/Parse/ParserTest.cpp:423
Value of: llvm::isa<TemplateSpecializationExpr>(E)
  Actual: false
Expected: true
]]></failure>
    </testcase>
  </testsuite>
</testsuites>
